<?xml version="1.0" encoding="UTF-8"?>
<!-- Generated by org.testng.reporters.JUnitReportReporter -->
<testsuite skipped="0" hostname="priya" name="qaclickacademy.SeleniumTest" tests="3" failures="0" timestamp="2021-06-02T21:44:13 IST" time="0.003" errors="0">
  <testcase name="selenium2" time="0.001" classname="qaclickacademy.SeleniumTest"/>
  <testcase name="selenium" time="0.001" classname="qaclickacademy.SeleniumTest"/>
  <testcase name="selenium3" time="0.001" classname="qaclickacademy.SeleniumTest"/>
</testsuite> <!-- qaclickacademy.SeleniumTest -->
