<?xml version="1.0" encoding="UTF-8"?>
<!-- Generated by org.testng.reporters.JUnitReportReporter -->
<testsuite skipped="0" hostname="priya" name="qaclickacademy.RestApiTest" tests="3" failures="0" timestamp="2021-06-02T21:44:13 IST" time="0.002" errors="0">
  <testcase name="restApi1" time="0.001" classname="qaclickacademy.RestApiTest"/>
  <testcase name="restApi3" time="0.000" classname="qaclickacademy.RestApiTest"/>
  <testcase name="restApi2" time="0.001" classname="qaclickacademy.RestApiTest"/>
</testsuite> <!-- qaclickacademy.RestApiTest -->
