<?xml version="1.0" encoding="UTF-8"?>
<!-- Generated by org.testng.reporters.JUnitReportReporter -->
<testsuite skipped="0" hostname="priya" name="qaclickacademy.AppiumTest" tests="3" failures="0" timestamp="2021-06-02T21:44:13 IST" time="0.026" errors="0">
  <testcase name="Appium2" time="0.001" classname="qaclickacademy.AppiumTest"/>
  <testcase name="Appium1" time="0.024" classname="qaclickacademy.AppiumTest"/>
  <testcase name="Appium3" time="0.001" classname="qaclickacademy.AppiumTest"/>
</testsuite> <!-- qaclickacademy.AppiumTest -->
